open source     > level 1, order 1, name '/usr/local/texlive/2019/texmf-dist/tex/context/base/mkiv/cont-yes.mkiv'
system          > 
system          > ConTeXt  ver: 2019.03.21 21:39 MKIV beta  fmt: 2019.5.26  int: english/english
system          > 
system          > 'cont-new.mkiv' loaded
open source     > level 2, order 2, name '/usr/local/texlive/2019/texmf-dist/tex/context/base/mkiv/cont-new.mkiv'
system          > beware: some patches loaded from cont-new.mkiv
close source    > level 2, order 2, name '/usr/local/texlive/2019/texmf-dist/tex/context/base/mkiv/cont-new.mkiv'
system          > files > jobname 'resume', input './resume', result 'resume'
fonts           > latin modern fonts are not preloaded
languages       > language 'en' is active
open source     > level 2, order 3, name '/Users/sean/Desktop/pandoc_resume/output/resume.tex'
colors          > defining > unknown library 'hex'
open source     > level 3, order 4, name '/usr/local/texlive/2019/texmf-dist/tex/context/fonts/mkiv/type-imp-texgyre.mkiv'
close source    > level 3, order 4, name '/usr/local/texlive/2019/texmf-dist/tex/context/fonts/mkiv/type-imp-texgyre.mkiv'
structure       > sectioning > section @ level 3 : 0.0.1 -> Sinan Gok, PhD
structure       > sectioning > subsection @ level 4 : 0.0.1.1 -> Key Skills
structure       > sectioning > subsection @ level 4 : 0.0.1.2 -> Education
structure       > sectioning > subsection @ level 4 : 0.0.1.3 -> Experience

Overfull \hbox (0.25546pt too wide) in paragraph at lines 155--160
 [][][] <12: texgyreheros-bold @ 11.0pt> Su-per-vised Learn-ing (Clas-si-fi-ca-tion): <1: texgyreheros-regular @ 11.0pt> Clas-si-fied fore-limb ex-ten-sion and flex-

\hbox(11.62192+4.51962)x483.69687, glue set - 1.0, direction TLT
.\glue(\leftskip) 107.55118
.\localpar
..\localinterlinepenalty=0
..\localbrokenpenalty=0
..\localleftbox=null
..\localrightbox=null
.\hbox(0.0+0.0)x0.0, direction TLT
.\hbox(11.62192+4.51962)x0.0, glue set - 16.50238fil, direction TLT
..\glue 0.0 plus 1.0fil minus 1.0fil
..\hbox(11.62192+4.51962)x16.50238, direction TLT
...\hbox(11.62192+4.51962)x16.50238, glue set 12.65182fil, direction TLT []
.\boundary=1
.etc.

backend         > xmp > using file '/usr/local/texlive/2019/texmf-dist/tex/context/base/mkiv/lpdf-pdx.xml'
pages           > flushing realpage 1, userpage 1, subpage 1
structure       > sectioning > subsection @ level 4 : 0.0.1.4 -> Achievements
structure       > sectioning > subsection @ level 4 : 0.0.1.5 -> Journal Articles
pages           > flushing realpage 2, userpage 2, subpage 2
structure       > sectioning > subsection @ level 4 : 0.0.1.6 -> Conference Papers
structure       > sectioning > subsection @ level 4 : 0.0.1.7 -> Presentations
structure       > sectioning > subsection @ level 4 : 0.0.1.8 -> Professional Development
pages           > flushing realpage 3, userpage 3, subpage 3
pages           > flushing realpage 4, userpage 4, subpage 4
close source    > level 2, order 4, name '/Users/sean/Desktop/pandoc_resume/output/resume.tex'
close source    > level 1, order 4, name '/usr/local/texlive/2019/texmf-dist/tex/context/base/mkiv/cont-yes.mkiv'

system          > start used files

system          > text: resume

system          > stop used files


system          > start used files

system          >    1: filename=char-prv.lua filetype=tex format=tex foundname=/usr/local/texlive/2019/texmf-dist/tex/context/base/mkiv/char-prv.lua fullname=/usr/local/texlive/2019/texmf-dist/tex/context/base/mkiv/char-prv.lua usedmethod=database
system          >    2: filename=cont-yes.mkiv filetype=tex foundname=/usr/local/texlive/2019/texmf-dist/tex/context/base/mkiv/cont-yes.mkiv fullname=/usr/local/texlive/2019/texmf-dist/tex/context/base/mkiv/cont-yes.mkiv usedmethod=database
system          >    3: filename=publ-imp-default.lua filetype=lua foundname=/usr/local/texlive/2019/texmf-dist/tex/context/base/mkiv/publ-imp-default.lua fullname=/usr/local/texlive/2019/texmf-dist/tex/context/base/mkiv/publ-imp-default.lua usedmethod=database
system          >    4: filename=cont-new.mkiv filetype=tex foundname=/usr/local/texlive/2019/texmf-dist/tex/context/base/mkiv/cont-new.mkiv fullname=/usr/local/texlive/2019/texmf-dist/tex/context/base/mkiv/cont-new.mkiv usedmethod=database
system          >    5: filename=lang-exc.lua filetype=lua foundname=/usr/local/texlive/2019/texmf-dist/tex/context/base/mkiv/lang-exc.lua fullname=/usr/local/texlive/2019/texmf-dist/tex/context/base/mkiv/lang-exc.lua usedmethod=database
system          >    6: filename=lang-us.lua filetype=lua foundname=/usr/local/texlive/2019/texmf-dist/tex/context/patterns/mkiv/lang-us.lua fullname=/usr/local/texlive/2019/texmf-dist/tex/context/patterns/mkiv/lang-us.lua usedmethod=database
system          >    7: filename=/Users/sean/Desktop/pandoc_resume/output/resume.tex foundname=/Users/sean/Desktop/pandoc_resume/output/resume.tex fullname=/Users/sean/Desktop/pandoc_resume/output/resume.tex usedmethod=direct
system          >    8: filename=type-imp-texgyre.mkiv filetype=tex foundname=/usr/local/texlive/2019/texmf-dist/tex/context/fonts/mkiv/type-imp-texgyre.mkiv fullname=/usr/local/texlive/2019/texmf-dist/tex/context/fonts/mkiv/type-imp-texgyre.mkiv usedmethod=database
system          >    9: filename=lm.lfg filetype=tex foundname=/usr/local/texlive/2019/texmf-dist/tex/context/fonts/mkiv/lm.lfg fullname=/usr/local/texlive/2019/texmf-dist/tex/context/fonts/mkiv/lm.lfg usedmethod=database
system          >   10: filename=texgyreheros-regular filetype=otf format=otf foundname=/usr/local/texlive/2019/texmf-dist/fonts/opentype/public/tex-gyre/texgyreheros-regular.otf fullname=/usr/local/texlive/2019/texmf-dist/fonts/opentype/public/tex-gyre/texgyreheros-regular.otf usedmethod=database
system          >   11: filename=latinmodern-math.otf filetype=opentypefonts foundname=/usr/local/texlive/2019/texmf-dist/fonts/opentype/public/lm-math/latinmodern-math.otf fullname=/usr/local/texlive/2019/texmf-dist/fonts/opentype/public/lm-math/latinmodern-math.otf usedmethod=database
system          >   12: filename=texgyreheros-bold filetype=otf format=otf foundname=/usr/local/texlive/2019/texmf-dist/fonts/opentype/public/tex-gyre/texgyreheros-bold.otf fullname=/usr/local/texlive/2019/texmf-dist/fonts/opentype/public/tex-gyre/texgyreheros-bold.otf usedmethod=database
system          >   13: filename=texgyreheros-italic filetype=otf format=otf foundname=/usr/local/texlive/2019/texmf-dist/fonts/opentype/public/tex-gyre/texgyreheros-italic.otf fullname=/usr/local/texlive/2019/texmf-dist/fonts/opentype/public/tex-gyre/texgyreheros-italic.otf usedmethod=database
system          >   14: filename=pdftex.map filetype=map format=map foundname=/usr/local/texlive/2019/texmf-var/fonts/map/pdftex/updmap/pdftex.map fullname=/usr/local/texlive/2019/texmf-var/fonts/map/pdftex/updmap/pdftex.map usedmethod=database
system          >   15: filename=lpdf-pdx.xml filetype=tex foundname=/usr/local/texlive/2019/texmf-dist/tex/context/base/mkiv/lpdf-pdx.xml fullname=/usr/local/texlive/2019/texmf-dist/tex/context/base/mkiv/lpdf-pdx.xml usedmethod=database

system          > stop used files


system          > start commandline options

system          > currentrun="2"
system          > fulljobname="./resume.tex"
system          > input="./resume.tex"
system          > kindofrun="2"
system          > maxnofruns="9"
system          > texmfbinpath="/usr/local/texlive/2019/bin/x86_64-darwin"

system          > stop commandline options


system          > start commandline files

system          >    1: ./resume.tex

system          > stop commandline files


modules         > start used modules


modules         > stop used modules


mkiv lua stats  > used config file: selfautoparent:/texmfcnf.lua;selfautoparent:/texmf-dist/web2c/texmfcnf.lua
mkiv lua stats  > used cache path: readable+writable: '/var/folders/0l/8m69jmdn3gd4cq79t9f33g980000gn/T/luatex-cache/context/a86c089b384a3076dc514ba966a1fac9'
mkiv lua stats  > resource resolver: loadtime 0.149 seconds, 0 scans with scantime 0.000 seconds, 0 shared scans, 15 found files, scanned paths: <none>
mkiv lua stats  > stored bytecode data: 443 modules (0.414 sec), 93 tables (0.018 sec), 536 chunks (0.431 sec)
mkiv lua stats  > traced context: maxstack: 1369, freed: 0, unreachable: 1369
mkiv lua stats  > cleaned up reserved nodes: 62 nodes, 9 lists of 440
mkiv lua stats  > node memory usage: 1 glue, 3 kern, 2 penalty, 14 attribute, 50 glue_spec, 4 attribute_list, 2 temp, 2 user_defined
mkiv lua stats  > node list callback tasks: 8 unique task lists, 8 instances (re)created, 823 calls
mkiv lua stats  > h-node processing time: 0.034 seconds including kernel
mkiv lua stats  > driver time: 0.066 seconds 
mkiv lua stats  > used backend: pdf (backend for directly generating pdf output)
mkiv lua stats  > jobdata time: 0.003 seconds saving, 0.001 seconds loading
mkiv lua stats  > callbacks: internal: 1631, file: 788, direct: 2, late: 25, function 1136, total: 3582 (1194 per page)
mkiv lua stats  > randomizer: resumed with value 0.31198713276535
mkiv lua stats  > result saved in file: resume.pdf, compresslevel 3, objectcompresslevel 1
mkiv lua stats  > loaded patterns: en::1, load time: 0.000
mkiv lua stats  > interactive elements: 2 references, 14 destinations
mkiv lua stats  > loaded fonts: 4 files: latinmodern-math.otf, texgyreheros-bold.otf, texgyreheros-italic.otf, texgyreheros-regular.otf
mkiv lua stats  > font engine: otf 3.107, afm 1.513, tfm 1.000, 13 instances, 7 shared in backend, 3 common vectors, 4 common hashes, load time 0.249 seconds 
mkiv lua stats  > pdf annotations: 2 links (2 unique), 0 special
mkiv lua stats  > used platform: osx-64, type: unix, binary subtree: bin
mkiv lua stats  > used engine: luatex version 1.1 with functionality level 7127, banner: this is luatex, version 1.10.0 (tex live 2019)
mkiv lua stats  > control sequences: 45566 of 65536 + 100000
mkiv lua stats  > lua properties: engine: lua 5.3, used memory: 147 MB (ctx: 147 MB), hash chars: min(64,40), symbol mask: utf (τεχ)
mkiv lua stats  > runtime: 0.954 seconds, 4 processed pages, 4 shipped pages, 4.193 pages/second

